{"Channel": "Security", "Computer": "WS-HR-02", "EventData": {"AuthenticationPackageName": "Negotiate", "IpAddress": "10.20.5.10", "IpPort": "51432", "LogonProcessName": "NtLmSsp", "LogonType": "3", "SubjectDomainName": "NORTHSTAR", "SubjectLogonId": "0x3e7", "SubjectUserName": "WS-HR-02$", "SubjectUserSid": "S-1-5-18", "TargetDomainName": "NORTHSTAR", "TargetLogonId": "0x104f", "TargetUserName": "m.chen", "TargetUserSid": "S-1-5-21-444444444-555555555-666666666-1102", "WorkstationName": "-"}, "EventID": 4624, "EventRecordID": 1079, "Provider": "Microsoft-Windows-Security-Auditing", "TimeCreated": "2026-08-18T08:39:30Z"}
{"Channel": "Security", "Computer": "WS-FIN-01", "EventData": {"AuthenticationPackageName": "Negotiate", "IpAddress": "10.20.5.10", "IpPort": "51432", "LogonProcessName": "NtLmSsp", "LogonType": "3", "SubjectDomainName": "NORTHSTAR", "SubjectLogonId": "0x3e7", "SubjectUserName": "WS-FIN-01$", "SubjectUserSid": "S-1-5-18", "TargetDomainName": "NORTHSTAR", "TargetLogonId": "0x1050", "TargetUserName": "a.patel", "TargetUserSid": "S-1-5-21-444444444-555555555-666666666-1101", "WorkstationName": "-"}, "EventID": 4624, "EventRecordID": 1080, "Provider": "Microsoft-Windows-Security-Auditing", "TimeCreated": "2026-08-18T08:40:00Z"}
{"Channel": "Security", "Computer": "WS-HR-02", "EventData": {"AuthenticationPackageName": "Negotiate", "IpAddress": "10.20.5.10", "IpPort": "51432", "LogonProcessName": "NtLmSsp", "LogonType": "3", "SubjectDomainName": "NORTHSTAR", "SubjectLogonId": "0x3e7", "SubjectUserName": "WS-HR-02$", "SubjectUserSid": "S-1-5-18", "TargetDomainName": "NORTHSTAR", "TargetLogonId": "0x1051", "TargetUserName": "m.chen", "TargetUserSid": "S-1-5-21-444444444-555555555-666666666-1102", "WorkstationName": "-"}, "EventID": 4624, "EventRecordID": 1081, "Provider": "Microsoft-Windows-Security-Auditing", "TimeCreated": "2026-08-18T08:40:30Z"}
{"Channel": "Security", "Computer": "WS-FIN-01", "EventData": {"AuthenticationPackageName": "Negotiate", "IpAddress": "10.20.5.10", "IpPort": "51432", "LogonProcessName": "NtLmSsp", "LogonType": "3", "SubjectDomainName": "NORTHSTAR", "SubjectLogonId": "0x3e7", "SubjectUserName": "WS-FIN-01$", "SubjectUserSid": "S-1-5-18", "TargetDomainName": "NORTHSTAR", "TargetLogonId": "0x1052", "TargetUserName": "a.patel", "TargetUserSid": "S-1-5-21-444444444-555555555-666666666-1101", "WorkstationName": "-"}, "EventID": 4624, "EventRecordID": 1082, "Provider": "Microsoft-Windows-Security-Auditing", "TimeCreated": "2026-08-18T08:41:00Z"}
{"Channel": "Security", "Computer": "WS-HR-02", "EventData": {"AuthenticationPackageName": "Negotiate", "IpAddress": "10.20.5.10", "IpPort": "51432", "LogonProcessName": "NtLmSsp", "LogonType": "3", "SubjectDomainName": "NORTHSTAR", "SubjectLogonId": "0x3e7", "SubjectUserName": "WS-HR-02$", "SubjectUserSid": "S-1-5-18", "TargetDomainName": "NORTHSTAR", "TargetLogonId": "0x1053", "TargetUserName": "m.chen", "TargetUserSid": "S-1-5-21-444444444-555555555-666666666-1102", "WorkstationName": "-"}, "EventID": 4624, "EventRecordID": 1083, "Provider": "Microsoft-Windows-Security-Auditing", "TimeCreated": "2026-08-18T08:41:30Z"}
{"Channel": "Security", "Computer": "WS-FIN-01", "EventData": {"AuthenticationPackageName": "Negotiate", "IpAddress": "10.20.5.10", "IpPort": "51432", "LogonProcessName": "NtLmSsp", "LogonType": "3", "SubjectDomainName": "NORTHSTAR", "SubjectLogonId": "0x3e7", "SubjectUserName": "WS-FIN-01$", "SubjectUserSid": "S-1-5-18", "TargetDomainName": "NORTHSTAR", "TargetLogonId": "0x1054", "TargetUserName": "a.patel", "TargetUserSid": "S-1-5-21-444444444-555555555-666666666-1101", "WorkstationName": "-"}, "EventID": 4624, "EventRecordID": 1084, "Provider": "Microsoft-Windows-Security-Auditing", "TimeCreated": "2026-08-18T08:42:00Z"}
{"Channel": "Security", "Computer": "WS-HR-02", "EventData": {"AuthenticationPackageName": "Negotiate", "IpAddress": "10.20.5.10", "IpPort": "51432", "LogonProcessName": "NtLmSsp", "LogonType": "3", "SubjectDomainName": "NORTHSTAR", "SubjectLogonId": "0x3e7", "SubjectUserName": "WS-HR-02$", "SubjectUserSid": "S-1-5-18", "TargetDomainName": "NORTHSTAR", "TargetLogonId": "0x1055", "TargetUserName": "m.chen", "TargetUserSid": "S-1-5-21-444444444-555555555-666666666-1102", "WorkstationName": "-"}, "EventID": 4624, "EventRecordID": 1085, "Provider": "Microsoft-Windows-Security-Auditing", "TimeCreated": "2026-08-18T08:42:30Z"}
{"Channel": "Security", "Computer": "WS-FIN-01", "EventData": {"AuthenticationPackageName": "Negotiate", "IpAddress": "10.20.5.10", "IpPort": "51432", "LogonProcessName": "NtLmSsp", "LogonType": "3", "SubjectDomainName": "NORTHSTAR", "SubjectLogonId": "0x3e7", "SubjectUserName": "WS-FIN-01$", "SubjectUserSid": "S-1-5-18", "TargetDomainName": "NORTHSTAR", "TargetLogonId": "0x1056", "TargetUserName": "a.patel", "TargetUserSid": "S-1-5-21-444444444-555555555-666666666-1101", "WorkstationName": "-"}, "EventID": 4624, "EventRecordID": 1086, "Provider": "Microsoft-Windows-Security-Auditing", "TimeCreated": "2026-08-18T08:43:00Z"}
{"Channel": "Security", "Computer": "WS-HR-02", "EventData": {"AuthenticationPackageName": "Negotiate", "IpAddress": "10.20.5.10", "IpPort": "51432", "LogonProcessName": "NtLmSsp", "LogonType": "3", "SubjectDomainName": "NORTHSTAR", "SubjectLogonId": "0x3e7", "SubjectUserName": "WS-HR-02$", "SubjectUserSid": "S-1-5-18", "TargetDomainName": "NORTHSTAR", "TargetLogonId": "0x1057", "TargetUserName": "m.chen", "TargetUserSid": "S-1-5-21-444444444-555555555-666666666-1102", "WorkstationName": "-"}, "EventID": 4624, "EventRecordID": 1087, "Provider": "Microsoft-Windows-Security-Auditing", "TimeCreated": "2026-08-18T08:43:30Z"}
{"Channel": "Security", "Computer": "WS-FIN-01", "EventData": {"AuthenticationPackageName": "Negotiate", "IpAddress": "10.20.5.10", "IpPort": "51432", "LogonProcessName": "NtLmSsp", "LogonType": "3", "SubjectDomainName": "NORTHSTAR", "SubjectLogonId": "0x3e7", "SubjectUserName": "WS-FIN-01$", "SubjectUserSid": "S-1-5-18", "TargetDomainName": "NORTHSTAR", "TargetLogonId": "0x1058", "TargetUserName": "a.patel", "TargetUserSid": "S-1-5-21-444444444-555555555-666666666-1101", "WorkstationName": "-"}, "EventID": 4624, "EventRecordID": 1088, "Provider": "Microsoft-Windows-Security-Auditing", "TimeCreated": "2026-08-18T08:44:00Z"}
{"Channel": "Security", "Computer": "WS-HR-02", "EventData": {"AuthenticationPackageName": "Negotiate", "IpAddress": "10.20.5.10", "IpPort": "51432", "LogonProcessName": "NtLmSsp", "LogonType": "3", "SubjectDomainName": "NORTHSTAR", "SubjectLogonId": "0x3e7", "SubjectUserName": "WS-HR-02$", "SubjectUserSid": "S-1-5-18", "TargetDomainName": "NORTHSTAR", "TargetLogonId": "0x1059", "TargetUserName": "m.chen", "TargetUserSid": "S-1-5-21-444444444-555555555-666666666-1102", "WorkstationName": "-"}, "EventID": 4624, "EventRecordID": 1089, "Provider": "Microsoft-Windows-Security-Auditing", "TimeCreated": "2026-08-18T08:44:30Z"}
{"Channel": "Security", "Computer": "WS-FIN-01", "EventData": {"AuthenticationPackageName": "Negotiate", "IpAddress": "10.20.5.10", "IpPort": "51432", "LogonProcessName": "NtLmSsp", "LogonType": "3", "SubjectDomainName": "NORTHSTAR", "SubjectLogonId": "0x3e7", "SubjectUserName": "WS-FIN-01$", "SubjectUserSid": "S-1-5-18", "TargetDomainName": "NORTHSTAR", "TargetLogonId": "0x105a", "TargetUserName": "a.patel", "TargetUserSid": "S-1-5-21-444444444-555555555-666666666-1101", "WorkstationName": "-"}, "EventID": 4624, "EventRecordID": 1090, "Provider": "Microsoft-Windows-Security-Auditing", "TimeCreated": "2026-08-18T08:45:00Z"}
{"Channel": "Security", "Computer": "WS-HR-02", "EventData": {"AuthenticationPackageName": "Negotiate", "IpAddress": "10.20.5.10", "IpPort": "51432", "LogonProcessName": "NtLmSsp", "LogonType": "3", "SubjectDomainName": "NORTHSTAR", "SubjectLogonId": "0x3e7", "SubjectUserName": "WS-HR-02$", "SubjectUserSid": "S-1-5-18", "TargetDomainName": "NORTHSTAR", "TargetLogonId": "0x105b", "TargetUserName": "m.chen", "TargetUserSid": "S-1-5-21-444444444-555555555-666666666-1102", "WorkstationName": "-"}, "EventID": 4624, "EventRecordID": 1091, "Provider": "Microsoft-Windows-Security-Auditing", "TimeCreated": "2026-08-18T08:45:30Z"}
{"Channel": "Security", "Computer": "WS-FIN-01", "EventData": {"AuthenticationPackageName": "Negotiate", "IpAddress": "10.20.5.10", "IpPort": "51432", "LogonProcessName": "NtLmSsp", "LogonType": "3", "SubjectDomainName": "NORTHSTAR", "SubjectLogonId": "0x3e7", "SubjectUserName": "WS-FIN-01$", "SubjectUserSid": "S-1-5-18", "TargetDomainName": "NORTHSTAR", "TargetLogonId": "0x105c", "TargetUserName": "a.patel", "TargetUserSid": "S-1-5-21-444444444-555555555-666666666-1101", "WorkstationName": "-"}, "EventID": 4624, "EventRecordID": 1092, "Provider": "Microsoft-Windows-Security-Auditing", "TimeCreated": "2026-08-18T08:46:00Z"}
{"Channel": "Security", "Computer": "WS-HR-02", "EventData": {"AuthenticationPackageName": "Negotiate", "IpAddress": "10.20.5.10", "IpPort": "51432", "LogonProcessName": "NtLmSsp", "LogonType": "3", "SubjectDomainName": "NORTHSTAR", "SubjectLogonId": "0x3e7", "SubjectUserName": "WS-HR-02$", "SubjectUserSid": "S-1-5-18", "TargetDomainName": "NORTHSTAR", "TargetLogonId": "0x105d", "TargetUserName": "m.chen", "TargetUserSid": "S-1-5-21-444444444-555555555-666666666-1102", "WorkstationName": "-"}, "EventID": 4624, "EventRecordID": 1093, "Provider": "Microsoft-Windows-Security-Auditing", "TimeCreated": "2026-08-18T08:46:30Z"}
{"Channel": "Security", "Computer": "WS-FIN-01", "EventData": {"AuthenticationPackageName": "Negotiate", "IpAddress": "10.20.5.10", "IpPort": "51432", "LogonProcessName": "NtLmSsp", "LogonType": "3", "SubjectDomainName": "NORTHSTAR", "SubjectLogonId": "0x3e7", "SubjectUserName": "WS-FIN-01$", "SubjectUserSid": "S-1-5-18", "TargetDomainName": "NORTHSTAR", "TargetLogonId": "0x105e", "TargetUserName": "a.patel", "TargetUserSid": "S-1-5-21-444444444-555555555-666666666-1101", "WorkstationName": "-"}, "EventID": 4624, "EventRecordID": 1094, "Provider": "Microsoft-Windows-Security-Auditing", "TimeCreated": "2026-08-18T08:47:00Z"}
{"Channel": "Security", "Computer": "WS-HR-02", "EventData": {"AuthenticationPackageName": "Negotiate", "IpAddress": "10.20.5.10", "IpPort": "51432", "LogonProcessName": "NtLmSsp", "LogonType": "3", "SubjectDomainName": "NORTHSTAR", "SubjectLogonId": "0x3e7", "SubjectUserName": "WS-HR-02$", "SubjectUserSid": "S-1-5-18", "TargetDomainName": "NORTHSTAR", "TargetLogonId": "0x105f", "TargetUserName": "m.chen", "TargetUserSid": "S-1-5-21-444444444-555555555-666666666-1102", "WorkstationName": "-"}, "EventID": 4624, "EventRecordID": 1095, "Provider": "Microsoft-Windows-Security-Auditing", "TimeCreated": "2026-08-18T08:47:30Z"}
{"Channel": "Security", "Computer": "WS-FIN-01", "EventData": {"AuthenticationPackageName": "Negotiate", "IpAddress": "10.20.5.10", "IpPort": "51432", "LogonProcessName": "NtLmSsp", "LogonType": "3", "SubjectDomainName": "NORTHSTAR", "SubjectLogonId": "0x3e7", "SubjectUserName": "WS-FIN-01$", "SubjectUserSid": "S-1-5-18", "TargetDomainName": "NORTHSTAR", "TargetLogonId": "0x1060", "TargetUserName": "a.patel", "TargetUserSid": "S-1-5-21-444444444-555555555-666666666-1101", "WorkstationName": "-"}, "EventID": 4624, "EventRecordID": 1096, "Provider": "Microsoft-Windows-Security-Auditing", "TimeCreated": "2026-08-18T08:48:00Z"}
{"Channel": "Security", "Computer": "WS-HR-02", "EventData": {"AuthenticationPackageName": "Negotiate", "IpAddress": "10.20.5.10", "IpPort": "51432", "LogonProcessName": "NtLmSsp", "LogonType": "3", "SubjectDomainName": "NORTHSTAR", "SubjectLogonId": "0x3e7", "SubjectUserName": "WS-HR-02$", "SubjectUserSid": "S-1-5-18", "TargetDomainName": "NORTHSTAR", "TargetLogonId": "0x1061", "TargetUserName": "m.chen", "TargetUserSid": "S-1-5-21-444444444-555555555-666666666-1102", "WorkstationName": "-"}, "EventID": 4624, "EventRecordID": 1097, "Provider": "Microsoft-Windows-Security-Auditing", "TimeCreated": "2026-08-18T08:48:30Z"}
{"Channel": "Security", "Computer": "WS-FIN-01", "EventData": {"AuthenticationPackageName": "Negotiate", "IpAddress": "10.20.5.10", "IpPort": "51432", "LogonProcessName": "NtLmSsp", "LogonType": "3", "SubjectDomainName": "NORTHSTAR", "SubjectLogonId": "0x3e7", "SubjectUserName": "WS-FIN-01$", "SubjectUserSid": "S-1-5-18", "TargetDomainName": "NORTHSTAR", "TargetLogonId": "0x1062", "TargetUserName": "a.patel", "TargetUserSid": "S-1-5-21-444444444-555555555-666666666-1101", "WorkstationName": "-"}, "EventID": 4624, "EventRecordID": 1098, "Provider": "Microsoft-Windows-Security-Auditing", "TimeCreated": "2026-08-18T08:49:00Z"}
{"Channel": "Security", "Computer": "WS-HR-02", "EventData": {"AuthenticationPackageName": "Negotiate", "IpAddress": "10.20.5.10", "IpPort": "51432", "LogonProcessName": "NtLmSsp", "LogonType": "3", "SubjectDomainName": "NORTHSTAR", "SubjectLogonId": "0x3e7", "SubjectUserName": "WS-HR-02$", "SubjectUserSid": "S-1-5-18", "TargetDomainName": "NORTHSTAR", "TargetLogonId": "0x1063", "TargetUserName": "m.chen", "TargetUserSid": "S-1-5-21-444444444-555555555-666666666-1102", "WorkstationName": "-"}, "EventID": 4624, "EventRecordID": 1099, "Provider": "Microsoft-Windows-Security-Auditing", "TimeCreated": "2026-08-18T08:49:30Z"}
{"Channel": "Security", "Computer": "WS-FIN-01", "EventData": {"AuthenticationPackageName": "Negotiate", "IpAddress": "10.20.5.10", "IpPort": "51432", "LogonProcessName": "NtLmSsp", "LogonType": "3", "SubjectDomainName": "NORTHSTAR", "SubjectLogonId": "0x3e7", "SubjectUserName": "WS-FIN-01$", "SubjectUserSid": "S-1-5-18", "TargetDomainName": "NORTHSTAR", "TargetLogonId": "0x1064", "TargetUserName": "a.patel", "TargetUserSid": "S-1-5-21-444444444-555555555-666666666-1101", "WorkstationName": "-"}, "EventID": 4624, "EventRecordID": 1100, "Provider": "Microsoft-Windows-Security-Auditing", "TimeCreated": "2026-08-18T08:50:00Z"}
{"Channel": "Security", "Computer": "WS-HR-02", "EventData": {"AuthenticationPackageName": "Negotiate", "IpAddress": "10.20.5.10", "IpPort": "51432", "LogonProcessName": "NtLmSsp", "LogonType": "3", "SubjectDomainName": "NORTHSTAR", "SubjectLogonId": "0x3e7", "SubjectUserName": "WS-HR-02$", "SubjectUserSid": "S-1-5-18", "TargetDomainName": "NORTHSTAR", "TargetLogonId": "0x1065", "TargetUserName": "m.chen", "TargetUserSid": "S-1-5-21-444444444-555555555-666666666-1102", "WorkstationName": "-"}, "EventID": 4624, "EventRecordID": 1101, "Provider": "Microsoft-Windows-Security-Auditing", "TimeCreated": "2026-08-18T08:50:30Z"}
{"Channel": "Security", "Computer": "WS-FIN-01", "EventData": {"AuthenticationPackageName": "Negotiate", "IpAddress": "10.20.5.10", "IpPort": "51432", "LogonProcessName": "NtLmSsp", "LogonType": "3", "SubjectDomainName": "NORTHSTAR", "SubjectLogonId": "0x3e7", "SubjectUserName": "WS-FIN-01$", "SubjectUserSid": "S-1-5-18", "TargetDomainName": "NORTHSTAR", "TargetLogonId": "0x1066", "TargetUserName": "a.patel", "TargetUserSid": "S-1-5-21-444444444-555555555-666666666-1101", "WorkstationName": "-"}, "EventID": 4624, "EventRecordID": 1102, "Provider": "Microsoft-Windows-Security-Auditing", "TimeCreated": "2026-08-18T08:51:00Z"}
{"Channel": "Security", "Computer": "WS-HR-02", "EventData": {"AuthenticationPackageName": "Negotiate", "IpAddress": "10.20.5.10", "IpPort": "51432", "LogonProcessName": "NtLmSsp", "LogonType": "3", "SubjectDomainName": "NORTHSTAR", "SubjectLogonId": "0x3e7", "SubjectUserName": "WS-HR-02$", "SubjectUserSid": "S-1-5-18", "TargetDomainName": "NORTHSTAR", "TargetLogonId": "0x1067", "TargetUserName": "m.chen", "TargetUserSid": "S-1-5-21-444444444-555555555-666666666-1102", "WorkstationName": "-"}, "EventID": 4624, "EventRecordID": 1103, "Provider": "Microsoft-Windows-Security-Auditing", "TimeCreated": "2026-08-18T08:51:30Z"}
{"Channel": "Security", "Computer": "WS-FIN-01", "EventData": {"AuthenticationPackageName": "Negotiate", "IpAddress": "10.20.5.10", "IpPort": "51432", "LogonProcessName": "NtLmSsp", "LogonType": "3", "SubjectDomainName": "NORTHSTAR", "SubjectLogonId": "0x3e7", "SubjectUserName": "WS-FIN-01$", "SubjectUserSid": "S-1-5-18", "TargetDomainName": "NORTHSTAR", "TargetLogonId": "0x1068", "TargetUserName": "a.patel", "TargetUserSid": "S-1-5-21-444444444-555555555-666666666-1101", "WorkstationName": "-"}, "EventID": 4624, "EventRecordID": 1104, "Provider": "Microsoft-Windows-Security-Auditing", "TimeCreated": "2026-08-18T08:52:00Z"}
{"Channel": "Security", "Computer": "WS-HR-02", "EventData": {"AuthenticationPackageName": "Negotiate", "IpAddress": "10.20.5.10", "IpPort": "51432", "LogonProcessName": "NtLmSsp", "LogonType": "3", "SubjectDomainName": "NORTHSTAR", "SubjectLogonId": "0x3e7", "SubjectUserName": "WS-HR-02$", "SubjectUserSid": "S-1-5-18", "TargetDomainName": "NORTHSTAR", "TargetLogonId": "0x1069", "TargetUserName": "m.chen", "TargetUserSid": "S-1-5-21-444444444-555555555-666666666-1102", "WorkstationName": "-"}, "EventID": 4624, "EventRecordID": 1105, "Provider": "Microsoft-Windows-Security-Auditing", "TimeCreated": "2026-08-18T08:52:30Z"}
{"Channel": "Security", "Computer": "WS-FIN-01", "EventData": {"AuthenticationPackageName": "Negotiate", "IpAddress": "10.20.5.10", "IpPort": "51432", "LogonProcessName": "NtLmSsp", "LogonType": "3", "SubjectDomainName": "NORTHSTAR", "SubjectLogonId": "0x3e7", "SubjectUserName": "WS-FIN-01$", "SubjectUserSid": "S-1-5-18", "TargetDomainName": "NORTHSTAR", "TargetLogonId": "0x106a", "TargetUserName": "a.patel", "TargetUserSid": "S-1-5-21-444444444-555555555-666666666-1101", "WorkstationName": "-"}, "EventID": 4624, "EventRecordID": 1106, "Provider": "Microsoft-Windows-Security-Auditing", "TimeCreated": "2026-08-18T08:53:00Z"}
{"Channel": "Security", "Computer": "WS-HR-02", "EventData": {"AuthenticationPackageName": "Negotiate", "IpAddress": "10.20.5.10", "IpPort": "51432", "LogonProcessName": "NtLmSsp", "LogonType": "3", "SubjectDomainName": "NORTHSTAR", "SubjectLogonId": "0x3e7", "SubjectUserName": "WS-HR-02$", "SubjectUserSid": "S-1-5-18", "TargetDomainName": "NORTHSTAR", "TargetLogonId": "0x106b", "TargetUserName": "m.chen", "TargetUserSid": "S-1-5-21-444444444-555555555-666666666-1102", "WorkstationName": "-"}, "EventID": 4624, "EventRecordID": 1107, "Provider": "Microsoft-Windows-Security-Auditing", "TimeCreated": "2026-08-18T08:53:30Z"}
{"Channel": "Security", "Computer": "WS-FIN-01", "EventData": {"AuthenticationPackageName": "Negotiate", "IpAddress": "10.20.5.10", "IpPort": "51432", "LogonProcessName": "NtLmSsp", "LogonType": "3", "SubjectDomainName": "NORTHSTAR", "SubjectLogonId": "0x3e7", "SubjectUserName": "WS-FIN-01$", "SubjectUserSid": "S-1-5-18", "TargetDomainName": "NORTHSTAR", "TargetLogonId": "0x106c", "TargetUserName": "a.patel", "TargetUserSid": "S-1-5-21-444444444-555555555-666666666-1101", "WorkstationName": "-"}, "EventID": 4624, "EventRecordID": 1108, "Provider": "Microsoft-Windows-Security-Auditing", "TimeCreated": "2026-08-18T08:54:00Z"}
{"Channel": "Security", "Computer": "WS-HR-02", "EventData": {"AuthenticationPackageName": "Negotiate", "IpAddress": "10.20.5.10", "IpPort": "51432", "LogonProcessName": "NtLmSsp", "LogonType": "3", "SubjectDomainName": "NORTHSTAR", "SubjectLogonId": "0x3e7", "SubjectUserName": "WS-HR-02$", "SubjectUserSid": "S-1-5-18", "TargetDomainName": "NORTHSTAR", "TargetLogonId": "0x106d", "TargetUserName": "m.chen", "TargetUserSid": "S-1-5-21-444444444-555555555-666666666-1102", "WorkstationName": "-"}, "EventID": 4624, "EventRecordID": 1109, "Provider": "Microsoft-Windows-Security-Auditing", "TimeCreated": "2026-08-18T08:54:30Z"}
{"Channel": "Security", "Computer": "WS-FIN-01", "EventData": {"AuthenticationPackageName": "Negotiate", "IpAddress": "10.20.5.10", "IpPort": "51432", "LogonProcessName": "NtLmSsp", "LogonType": "3", "SubjectDomainName": "NORTHSTAR", "SubjectLogonId": "0x3e7", "SubjectUserName": "WS-FIN-01$", "SubjectUserSid": "S-1-5-18", "TargetDomainName": "NORTHSTAR", "TargetLogonId": "0x106e", "TargetUserName": "a.patel", "TargetUserSid": "S-1-5-21-444444444-555555555-666666666-1101", "WorkstationName": "-"}, "EventID": 4624, "EventRecordID": 1110, "Provider": "Microsoft-Windows-Security-Auditing", "TimeCreated": "2026-08-18T08:55:00Z"}
{"Channel": "Security", "Computer": "WS-HR-02", "EventData": {"AuthenticationPackageName": "Negotiate", "IpAddress": "10.20.5.10", "IpPort": "51432", "LogonProcessName": "NtLmSsp", "LogonType": "3", "SubjectDomainName": "NORTHSTAR", "SubjectLogonId": "0x3e7", "SubjectUserName": "WS-HR-02$", "SubjectUserSid": "S-1-5-18", "TargetDomainName": "NORTHSTAR", "TargetLogonId": "0x106f", "TargetUserName": "m.chen", "TargetUserSid": "S-1-5-21-444444444-555555555-666666666-1102", "WorkstationName": "-"}, "EventID": 4624, "EventRecordID": 1111, "Provider": "Microsoft-Windows-Security-Auditing", "TimeCreated": "2026-08-18T08:55:30Z"}
{"Channel": "Security", "Computer": "WS-FIN-01", "EventData": {"AuthenticationPackageName": "Negotiate", "IpAddress": "10.20.5.10", "IpPort": "51432", "LogonProcessName": "NtLmSsp", "LogonType": "3", "SubjectDomainName": "NORTHSTAR", "SubjectLogonId": "0x3e7", "SubjectUserName": "WS-FIN-01$", "SubjectUserSid": "S-1-5-18", "TargetDomainName": "NORTHSTAR", "TargetLogonId": "0x1070", "TargetUserName": "a.patel", "TargetUserSid": "S-1-5-21-444444444-555555555-666666666-1101", "WorkstationName": "-"}, "EventID": 4624, "EventRecordID": 1112, "Provider": "Microsoft-Windows-Security-Auditing", "TimeCreated": "2026-08-18T08:56:00Z"}
{"Channel": "Security", "Computer": "WS-HR-02", "EventData": {"AuthenticationPackageName": "Negotiate", "IpAddress": "10.20.5.10", "IpPort": "51432", "LogonProcessName": "NtLmSsp", "LogonType": "3", "SubjectDomainName": "NORTHSTAR", "SubjectLogonId": "0x3e7", "SubjectUserName": "WS-HR-02$", "SubjectUserSid": "S-1-5-18", "TargetDomainName": "NORTHSTAR", "TargetLogonId": "0x1071", "TargetUserName": "m.chen", "TargetUserSid": "S-1-5-21-444444444-555555555-666666666-1102", "WorkstationName": "-"}, "EventID": 4624, "EventRecordID": 1113, "Provider": "Microsoft-Windows-Security-Auditing", "TimeCreated": "2026-08-18T08:56:30Z"}
{"Channel": "Security", "Computer": "WS-FIN-01", "EventData": {"AuthenticationPackageName": "Negotiate", "IpAddress": "10.20.5.10", "IpPort": "51432", "LogonProcessName": "NtLmSsp", "LogonType": "3", "SubjectDomainName": "NORTHSTAR", "SubjectLogonId": "0x3e7", "SubjectUserName": "WS-FIN-01$", "SubjectUserSid": "S-1-5-18", "TargetDomainName": "NORTHSTAR", "TargetLogonId": "0x1072", "TargetUserName": "a.patel", "TargetUserSid": "S-1-5-21-444444444-555555555-666666666-1101", "WorkstationName": "-"}, "EventID": 4624, "EventRecordID": 1114, "Provider": "Microsoft-Windows-Security-Auditing", "TimeCreated": "2026-08-18T08:57:00Z"}
{"Channel": "Security", "Computer": "WS-HR-02", "EventData": {"AuthenticationPackageName": "Negotiate", "IpAddress": "10.20.5.10", "IpPort": "51432", "LogonProcessName": "NtLmSsp", "LogonType": "3", "SubjectDomainName": "NORTHSTAR", "SubjectLogonId": "0x3e7", "SubjectUserName": "WS-HR-02$", "SubjectUserSid": "S-1-5-18", "TargetDomainName": "NORTHSTAR", "TargetLogonId": "0x1073", "TargetUserName": "m.chen", "TargetUserSid": "S-1-5-21-444444444-555555555-666666666-1102", "WorkstationName": "-"}, "EventID": 4624, "EventRecordID": 1115, "Provider": "Microsoft-Windows-Security-Auditing", "TimeCreated": "2026-08-18T08:57:30Z"}
{"Channel": "Security", "Computer": "WS-FIN-01", "EventData": {"AuthenticationPackageName": "Negotiate", "IpAddress": "10.20.5.10", "IpPort": "51432", "LogonProcessName": "NtLmSsp", "LogonType": "3", "SubjectDomainName": "NORTHSTAR", "SubjectLogonId": "0x3e7", "SubjectUserName": "WS-FIN-01$", "SubjectUserSid": "S-1-5-18", "TargetDomainName": "NORTHSTAR", "TargetLogonId": "0x1074", "TargetUserName": "a.patel", "TargetUserSid": "S-1-5-21-444444444-555555555-666666666-1101", "WorkstationName": "-"}, "EventID": 4624, "EventRecordID": 1116, "Provider": "Microsoft-Windows-Security-Auditing", "TimeCreated": "2026-08-18T08:58:00Z"}
{"Channel": "Security", "Computer": "WS-HR-02", "EventData": {"AuthenticationPackageName": "Negotiate", "IpAddress": "10.20.5.10", "IpPort": "51432", "LogonProcessName": "NtLmSsp", "LogonType": "3", "SubjectDomainName": "NORTHSTAR", "SubjectLogonId": "0x3e7", "SubjectUserName": "WS-HR-02$", "SubjectUserSid": "S-1-5-18", "TargetDomainName": "NORTHSTAR", "TargetLogonId": "0x1075", "TargetUserName": "m.chen", "TargetUserSid": "S-1-5-21-444444444-555555555-666666666-1102", "WorkstationName": "-"}, "EventID": 4624, "EventRecordID": 1117, "Provider": "Microsoft-Windows-Security-Auditing", "TimeCreated": "2026-08-18T08:58:30Z"}
{"Channel": "Security", "Computer": "WS-FIN-01", "EventData": {"AuthenticationPackageName": "Negotiate", "IpAddress": "10.20.5.10", "IpPort": "51432", "LogonProcessName": "NtLmSsp", "LogonType": "3", "SubjectDomainName": "NORTHSTAR", "SubjectLogonId": "0x3e7", "SubjectUserName": "WS-FIN-01$", "SubjectUserSid": "S-1-5-18", "TargetDomainName": "NORTHSTAR", "TargetLogonId": "0x1076", "TargetUserName": "a.patel", "TargetUserSid": "S-1-5-21-444444444-555555555-666666666-1101", "WorkstationName": "-"}, "EventID": 4624, "EventRecordID": 1118, "Provider": "Microsoft-Windows-Security-Auditing", "TimeCreated": "2026-08-18T08:59:00Z"}
{"Channel": "Security", "Computer": "WS-HR-02", "EventData": {"AuthenticationPackageName": "Negotiate", "IpAddress": "10.20.5.10", "IpPort": "51432", "LogonProcessName": "NtLmSsp", "LogonType": "3", "SubjectDomainName": "NORTHSTAR", "SubjectLogonId": "0x3e7", "SubjectUserName": "WS-HR-02$", "SubjectUserSid": "S-1-5-18", "TargetDomainName": "NORTHSTAR", "TargetLogonId": "0x1077", "TargetUserName": "m.chen", "TargetUserSid": "S-1-5-21-444444444-555555555-666666666-1102", "WorkstationName": "-"}, "EventID": 4624, "EventRecordID": 1119, "Provider": "Microsoft-Windows-Security-Auditing", "TimeCreated": "2026-08-18T08:59:30Z"}
{"Channel": "Security", "Computer": "WS-FIN-01", "EventData": {"AuthenticationPackageName": "Negotiate", "FailureReason": "%%2313", "IpAddress": "10.20.5.10", "IpPort": "51432", "LogonProcessName": "NtLmSsp", "LogonType": "3", "Status": "0xc000006d", "SubStatus": "0xc000006a", "SubjectDomainName": "NORTHSTAR", "SubjectLogonId": "0x3e7", "SubjectUserName": "WS-FIN-01$", "SubjectUserSid": "S-1-5-18", "TargetDomainName": "NORTHSTAR", "TargetUserName": "a.patel", "TargetUserSid": "S-1-0-0", "WorkstationName": "-"}, "EventID": 4625, "EventRecordID": 1200, "Provider": "Microsoft-Windows-Security-Auditing", "TimeCreated": "2026-08-18T09:00:00Z"}
{"Channel": "Security", "Computer": "WS-FIN-01", "EventData": {"AuthenticationPackageName": "Negotiate", "FailureReason": "%%2313", "IpAddress": "10.20.5.10", "IpPort": "51432", "LogonProcessName": "NtLmSsp", "LogonType": "3", "Status": "0xc000006d", "SubStatus": "0xc000006a", "SubjectDomainName": "NORTHSTAR", "SubjectLogonId": "0x3e7", "SubjectUserName": "WS-FIN-01$", "SubjectUserSid": "S-1-5-18", "TargetDomainName": "NORTHSTAR", "TargetUserName": "a.patel", "TargetUserSid": "S-1-0-0", "WorkstationName": "-"}, "EventID": 4625, "EventRecordID": 1201, "Provider": "Microsoft-Windows-Security-Auditing", "TimeCreated": "2026-08-18T09:00:01Z"}
{"Channel": "Security", "Computer": "WS-FIN-01", "EventData": {"AuthenticationPackageName": "Negotiate", "IpAddress": "10.20.5.10", "IpPort": "51432", "LogonProcessName": "NtLmSsp", "LogonType": "3", "SubjectDomainName": "NORTHSTAR", "SubjectLogonId": "0x3e7", "SubjectUserName": "WS-FIN-01$", "SubjectUserSid": "S-1-5-18", "TargetDomainName": "NORTHSTAR", "TargetLogonId": "0x1010", "TargetUserName": "a.patel", "TargetUserSid": "S-1-5-21-444444444-555555555-666666666-1101", "WorkstationName": "-"}, "EventID": 4624, "EventRecordID": 1202, "Provider": "Microsoft-Windows-Security-Auditing", "TimeCreated": "2026-08-18T09:00:15Z"}
{"Channel": "Microsoft-Windows-Sysmon/Operational", "Computer": "WS-FIN-01", "EventData": {"CommandLine": "powershell.exe -EncodedCommand VwByAGkAdABlAC0ATwB1AHQAcAB1AHQAIAAnAE4AbwByAHQAaABzAHQAYQByACAAaQBuAHYAZQBuAHQAbwByAHkAIABjAGgAZQBjAGsAJwA=", "Image": "C:\\Windows\\System32\\WindowsPowerShell\\v1.0\\powershell.exe", "IntegrityLevel": "High", "LogonId": "0x8800", "ParentCommandLine": "InventoryAgent.exe --daily", "ParentImage": "C:\\Program Files\\Northstar\\InventoryAgent.exe", "ParentProcessGuid": "{b04d8640-0900-6500-0000-001000000003}", "ParentProcessId": "1500", "ProcessGuid": "{b04d8640-0905-6500-0000-001000000002}", "ProcessId": "3300", "User": "NORTHSTAR\\svc_inventory"}, "EventID": 1, "EventRecordID": 2000, "Provider": "Microsoft-Windows-Sysmon", "TimeCreated": "2026-08-18T09:05:00Z"}
{"Channel": "Security", "Computer": "WS-FIN-01", "EventData": {"SubjectDomainName": "NORTHSTAR", "SubjectLogonId": "0x8800", "SubjectUserName": "svc_inventory", "TaskContent": "<Task xmlns=\"http://schemas.microsoft.com/windows/2004/02/mit/task\"><Triggers><LogonTrigger><Enabled>true</Enabled></LogonTrigger></Triggers><Principals><Principal id=\"Author\"><UserId>NORTHSTAR\\svc_inventory</UserId><LogonType>InteractiveToken</LogonType><RunLevel>HighestAvailable</RunLevel></Principal></Principals><Settings><Enabled>true</Enabled></Settings><Actions Context=\"Author\"><Exec><Command>C:\\Windows\\System32\\WindowsPowerShell\\v1.0\\powershell.exe</Command><Arguments>-NoProfile -File C:\\Program Files\\Northstar\\inventory.ps1</Arguments></Exec></Actions></Task>", "TaskName": "\\Northstar\\Inventory"}, "EventID": 4698, "EventRecordID": 1210, "Provider": "Microsoft-Windows-Security-Auditing", "TimeCreated": "2026-08-18T09:10:00Z"}
{"Channel": "Security", "Computer": "WS-FIN-01", "EventData": {"SubjectDomainName": "NORTHSTAR", "SubjectLogonId": "0x9900", "SubjectUserName": "it.admin", "TargetDomainName": "WS-FIN-01", "TargetSid": "S-1-5-21-111111111-222222222-333333333-1500", "TargetUserName": "lab_reader"}, "EventID": 4720, "EventRecordID": 1220, "Provider": "Microsoft-Windows-Security-Auditing", "TimeCreated": "2026-08-18T09:15:00Z"}
{"Channel": "Security", "Computer": "WS-FIN-01", "EventData": {"MemberName": "-", "MemberSid": "S-1-5-21-111111111-222222222-333333333-1500", "SubjectDomainName": "NORTHSTAR", "SubjectLogonId": "0x9900", "SubjectUserName": "it.admin", "TargetDomainName": "Builtin", "TargetSid": "S-1-5-32-545", "TargetUserName": "Users"}, "EventID": 4732, "EventRecordID": 1221, "Provider": "Microsoft-Windows-Security-Auditing", "TimeCreated": "2026-08-18T09:15:30Z"}
{"Channel": "Security", "Computer": "WS-FIN-01", "EventData": {"AuthenticationPackageName": "Negotiate", "FailureReason": "%%2313", "IpAddress": "192.0.2.44", "IpPort": "51432", "LogonProcessName": "NtLmSsp", "LogonType": "3", "Status": "0xc000006d", "SubStatus": "0xc000006a", "SubjectDomainName": "NORTHSTAR", "SubjectLogonId": "0x3e7", "SubjectUserName": "WS-FIN-01$", "SubjectUserSid": "S-1-5-18", "TargetDomainName": "NORTHSTAR", "TargetUserName": "j.morgan", "TargetUserSid": "S-1-0-0", "WorkstationName": "-"}, "EventID": 4625, "EventRecordID": 1300, "Provider": "Microsoft-Windows-Security-Auditing", "TimeCreated": "2026-08-18T10:14:00Z"}
{"Channel": "Security", "Computer": "WS-FIN-01", "EventData": {"AuthenticationPackageName": "Negotiate", "FailureReason": "%%2313", "IpAddress": "192.0.2.44", "IpPort": "51432", "LogonProcessName": "NtLmSsp", "LogonType": "3", "Status": "0xc000006d", "SubStatus": "0xc000006a", "SubjectDomainName": "NORTHSTAR", "SubjectLogonId": "0x3e7", "SubjectUserName": "WS-FIN-01$", "SubjectUserSid": "S-1-5-18", "TargetDomainName": "NORTHSTAR", "TargetUserName": "j.morgan", "TargetUserSid": "S-1-0-0", "WorkstationName": "-"}, "EventID": 4625, "EventRecordID": 1301, "Provider": "Microsoft-Windows-Security-Auditing", "TimeCreated": "2026-08-18T10:14:10Z"}
{"Channel": "Security", "Computer": "WS-FIN-01", "EventData": {"AuthenticationPackageName": "Negotiate", "FailureReason": "%%2313", "IpAddress": "192.0.2.44", "IpPort": "51432", "LogonProcessName": "NtLmSsp", "LogonType": "3", "Status": "0xc000006d", "SubStatus": "0xc000006a", "SubjectDomainName": "NORTHSTAR", "SubjectLogonId": "0x3e7", "SubjectUserName": "WS-FIN-01$", "SubjectUserSid": "S-1-5-18", "TargetDomainName": "NORTHSTAR", "TargetUserName": "j.morgan", "TargetUserSid": "S-1-0-0", "WorkstationName": "-"}, "EventID": 4625, "EventRecordID": 1302, "Provider": "Microsoft-Windows-Security-Auditing", "TimeCreated": "2026-08-18T10:14:20Z"}
{"Channel": "Security", "Computer": "WS-FIN-01", "EventData": {"AuthenticationPackageName": "Negotiate", "FailureReason": "%%2313", "IpAddress": "192.0.2.44", "IpPort": "51432", "LogonProcessName": "NtLmSsp", "LogonType": "3", "Status": "0xc000006d", "SubStatus": "0xc000006a", "SubjectDomainName": "NORTHSTAR", "SubjectLogonId": "0x3e7", "SubjectUserName": "WS-FIN-01$", "SubjectUserSid": "S-1-5-18", "TargetDomainName": "NORTHSTAR", "TargetUserName": "j.morgan", "TargetUserSid": "S-1-0-0", "WorkstationName": "-"}, "EventID": 4625, "EventRecordID": 1303, "Provider": "Microsoft-Windows-Security-Auditing", "TimeCreated": "2026-08-18T10:14:30Z"}
{"Channel": "Security", "Computer": "WS-FIN-01", "EventData": {"AuthenticationPackageName": "Negotiate", "FailureReason": "%%2313", "IpAddress": "192.0.2.44", "IpPort": "51432", "LogonProcessName": "NtLmSsp", "LogonType": "3", "Status": "0xc000006d", "SubStatus": "0xc000006a", "SubjectDomainName": "NORTHSTAR", "SubjectLogonId": "0x3e7", "SubjectUserName": "WS-FIN-01$", "SubjectUserSid": "S-1-5-18", "TargetDomainName": "NORTHSTAR", "TargetUserName": "j.morgan", "TargetUserSid": "S-1-0-0", "WorkstationName": "-"}, "EventID": 4625, "EventRecordID": 1304, "Provider": "Microsoft-Windows-Security-Auditing", "TimeCreated": "2026-08-18T10:14:40Z"}
{"Channel": "Security", "Computer": "WS-FIN-01", "EventData": {"AuthenticationPackageName": "Negotiate", "FailureReason": "%%2313", "IpAddress": "192.0.2.44", "IpPort": "51432", "LogonProcessName": "NtLmSsp", "LogonType": "3", "Status": "0xc000006d", "SubStatus": "0xc000006a", "SubjectDomainName": "NORTHSTAR", "SubjectLogonId": "0x3e7", "SubjectUserName": "WS-FIN-01$", "SubjectUserSid": "S-1-5-18", "TargetDomainName": "NORTHSTAR", "TargetUserName": "j.morgan", "TargetUserSid": "S-1-0-0", "WorkstationName": "-"}, "EventID": 4625, "EventRecordID": 1305, "Provider": "Microsoft-Windows-Security-Auditing", "TimeCreated": "2026-08-18T10:14:50Z"}
{"Channel": "Security", "Computer": "WS-FIN-01", "EventData": {"AuthenticationPackageName": "Negotiate", "IpAddress": "192.0.2.44", "IpPort": "51432", "LogonProcessName": "User32", "LogonType": "10", "SubjectDomainName": "NORTHSTAR", "SubjectLogonId": "0x3e7", "SubjectUserName": "WS-FIN-01$", "SubjectUserSid": "S-1-5-18", "TargetDomainName": "NORTHSTAR", "TargetLogonId": "0x9f2a", "TargetUserName": "j.morgan", "TargetUserSid": "S-1-5-21-444444444-555555555-666666666-1105", "WorkstationName": "-"}, "EventID": 4624, "EventRecordID": 1306, "Provider": "Microsoft-Windows-Security-Auditing", "TimeCreated": "2026-08-18T10:15:20Z"}
{"Channel": "Security", "Computer": "WS-FIN-01", "EventData": {"PrivilegeList": "SeDebugPrivilege SeBackupPrivilege SeRestorePrivilege", "SubjectDomainName": "NORTHSTAR", "SubjectLogonId": "0x9f2a", "SubjectUserName": "j.morgan", "SubjectUserSid": "S-1-5-21-444444444-555555555-666666666-1105"}, "EventID": 4672, "EventRecordID": 1307, "Provider": "Microsoft-Windows-Security-Auditing", "TimeCreated": "2026-08-18T10:15:21Z"}
{"Channel": "Microsoft-Windows-Sysmon/Operational", "Computer": "WS-FIN-01", "EventData": {"CommandLine": "powershell.exe -NoProfile -EncodedCommand SQBuAHYAbwBrAGUALQBXAGUAYgBSAGUAcQB1AGUAcwB0ACAALQBVAHIAaQAgACcAaAB0AHQAcABzADoALwAvAHQAZQBsAGUAbQBlAHQAcgB5AC4AZQB4AGEAbQBwAGwAZQAuAGkAbgB2AGEAbABpAGQALwBoAGUAYQBsAHQAaAAnACAALQBVAHMAZQBCAGEAcwBpAGMAUABhAHIAcwBpAG4AZwA=", "Image": "C:\\Windows\\System32\\WindowsPowerShell\\v1.0\\powershell.exe", "IntegrityLevel": "High", "LogonId": "0x9f2a", "ParentCommandLine": "C:\\Windows\\Explorer.EXE", "ParentImage": "C:\\Windows\\explorer.exe", "ParentProcessGuid": "{b04d8640-1015-6500-0000-001000000004}", "ParentProcessId": "4000", "ProcessGuid": "{b04d8640-0a15-6500-0000-001000000001}", "ProcessId": "4420", "User": "NORTHSTAR\\j.morgan"}, "EventID": 1, "EventRecordID": 2001, "Provider": "Microsoft-Windows-Sysmon", "TimeCreated": "2026-08-18T10:16:00Z"}
{"Channel": "Microsoft-Windows-Sysmon/Operational", "Computer": "WS-FIN-01", "EventData": {"DestinationHostname": "telemetry.example.invalid", "DestinationIp": "198.51.100.25", "DestinationPort": "443", "Image": "C:\\Windows\\System32\\WindowsPowerShell\\v1.0\\powershell.exe", "Initiated": "true", "ProcessGuid": "{b04d8640-0a15-6500-0000-001000000001}", "ProcessId": "4420", "Protocol": "tcp", "SourceIp": "10.20.10.21", "SourcePort": "50140", "User": "NORTHSTAR\\j.morgan"}, "EventID": 3, "EventRecordID": 2002, "Provider": "Microsoft-Windows-Sysmon", "TimeCreated": "2026-08-18T10:16:05Z"}
{"Channel": "Security", "Computer": "WS-FIN-01", "EventData": {"SubjectDomainName": "NORTHSTAR", "SubjectLogonId": "0x9f2a", "SubjectUserName": "j.morgan", "TaskContent": "<Task xmlns=\"http://schemas.microsoft.com/windows/2004/02/mit/task\"><Triggers><LogonTrigger><Enabled>true</Enabled></LogonTrigger></Triggers><Principals><Principal id=\"Author\"><UserId>NORTHSTAR\\j.morgan</UserId><LogonType>InteractiveToken</LogonType><RunLevel>HighestAvailable</RunLevel></Principal></Principals><Settings><Enabled>true</Enabled></Settings><Actions Context=\"Author\"><Exec><Command>C:\\Windows\\System32\\WindowsPowerShell\\v1.0\\powershell.exe</Command><Arguments>-NoProfile -File C:\\Users\\Public\\Libraries\\update.ps1</Arguments></Exec></Actions></Task>", "TaskName": "\\OneDrive Health Check"}, "EventID": 4698, "EventRecordID": 1310, "Provider": "Microsoft-Windows-Security-Auditing", "TimeCreated": "2026-08-18T10:17:00Z"}
{"Channel": "Security", "Computer": "WS-FIN-01", "EventData": {"SubjectDomainName": "NORTHSTAR", "SubjectLogonId": "0x9f2a", "SubjectUserName": "j.morgan", "TargetDomainName": "WS-FIN-01", "TargetSid": "S-1-5-21-111111111-222222222-333333333-1501", "TargetUserName": "svc_backup2"}, "EventID": 4720, "EventRecordID": 1311, "Provider": "Microsoft-Windows-Security-Auditing", "TimeCreated": "2026-08-18T10:18:00Z"}
{"Channel": "Security", "Computer": "WS-FIN-01", "EventData": {"MemberName": "-", "MemberSid": "S-1-5-21-111111111-222222222-333333333-1501", "SubjectDomainName": "NORTHSTAR", "SubjectLogonId": "0x9f2a", "SubjectUserName": "j.morgan", "TargetDomainName": "Builtin", "TargetSid": "S-1-5-32-544", "TargetUserName": "Administrators"}, "EventID": 4732, "EventRecordID": 1312, "Provider": "Microsoft-Windows-Security-Auditing", "TimeCreated": "2026-08-18T10:18:30Z"}
{"Channel": "Security", "Computer": "WS-FIN-01", "EventData": {"SubjectDomainName": "NORTHSTAR", "SubjectLogonId": "0x9f2a", "SubjectUserName": "j.morgan", "SubjectUserSid": "S-1-5-21-444444444-555555555-666666666-1105"}, "EventID": 1102, "EventRecordID": 1313, "Provider": "Microsoft-Windows-Eventlog", "TimeCreated": "2026-08-18T10:20:00Z"}
